0001   0000             	
0002   0000             .ORG 0000H
0003   0000 C3 26 01     JMP MAIN
0004   0003             
0005   0003             .ORG 0034H
0006   0034 C3 42 04     JMP RST65
0007   0037             
0008   0037             .ORG 0030H
0009   0030 C3 3A 00     JMP RST75
0010   0033             
0011   0033 06 FF       DELAY: 	MVI B,0FFH; SUBROUTINE FOR SHORT DELAY of 1"point"8ms
0012   0035 05          LOOP:	DCR B
0013   0036 C2 35 00    		JNZ LOOP
0014   0039 C9          		RET	
0015   003A 3A 00 B0    RST75:  LDA 0B000H
0016   003D 2F          		CMA
0017   003E 32 00 B0    		STA 0B000H
0018   0041 CA 49 00    		JZ TEMPDIS
0019   0044 C2 B6 00    		JNZ HDISPLAY
0020   0047 FB          		EI
0021   0048 C9          		RET
0022   0049             		
0023   0049             
0024   0049 3E CB       TEMPDIS:  	    MVI A,0CBH
0025   004B 30          				SIM
0026   004C FB          				EI
0027   004D 16 01       				MVI D,001H  ; SENDING COMMAND TO CLEAR DISPLAY
0028   004F CD FC 02    				CALL COMMAND
0029   0052 16 80       				MVI D,080H; COMMAND TO FORCE CURSOR FROM 1st LINE
0030   0054 CD FC 02    				CALL COMMAND
0031   0057 CD 33 00    				CALL DELAY
0032   005A CD 33 00    				CALL DELAY
0033   005D             
0034   005D             
0035   005D 16 53       				MVI D,053H; SENDING DATA "S"
0036   005F CD 33 03    				CALL DATA
0037   0062 16 65       				MVI D,065H; SENDING DATA "e"
0038   0064 CD 33 03    				CALL DATA
0039   0067 16 6E       				MVI D,06EH; SENDING DATA "n"
0040   0069 CD 33 03    				CALL DATA
0041   006C 16 73       				MVI D,073H; SENDING DATA "s"
0042   006E CD 33 03    				CALL DATA
0043   0071 16 69       				MVI D,069H; SENDING DATA "i"
0044   0073 CD 33 03    				CALL DATA
0045   0076 16 6E       				MVI D,06EH; SENDING DATA "n"
0046   0078 CD 33 03    				CALL DATA
0047   007B 16 67       				MVI D,067H; SENDING DATA "g"
0048   007D CD 33 03    				CALL DATA
0049   0080             				
0050   0080             
0051   0080 16 20       				MVI D,020H; SENDING DATA " "
0052   0082 CD 33 03    				CALL DATA
0053   0085 16 54       				MVI D,054H; SENDING DATA "T"
0054   0087 CD 33 03    				CALL DATA
0055   008A 16 65       				MVI D,065H; SENDING DATA "e"
0056   008C CD 33 03    				CALL DATA
0057   008F             
0058   008F 16 6D       				MVI D,06DH; SENDING DATA "m"
0059   0091 CD 33 03    				CALL DATA
0060   0094 16 70       				MVI D,070H; SENDING DATA "p"
0061   0096 CD 33 03    				CALL DATA
0062   0099 16 2E       				MVI D,02EH; SENDING DATA "."
0063   009B CD 33 03    				CALL DATA
0064   009E             
0065   009E 16 2E       				MVI D,02EH; SENDING DATA "."
0066   00A0 CD 33 03    				CALL DATA
0067   00A3 16 2E       				MVI D,02EH; SENDING DATA "."
0068   00A5 CD 33 03    				CALL DATA
0069   00A8 16 2E       				MVI D,02EH; SENDING DATA "."
0070   00AA CD 33 03    				CALL DATA
0071   00AD             
0072   00AD 16 C0       				MVI D,0C0H; COMMAND TO FORCE CURSOR FROM 2nd LINE
0073   00AF CD FC 02    				CALL COMMAND
0074   00B2 CD 6E 03    				CALL DELAY1	
0075   00B5 C9          				RET
0076   00B6             
0077   00B6 16 01       HDISPLAY:  	    MVI D,001H  ; SENDING COMMAND TO CLEAR DISPLAY
0078   00B8 CD FC 02    				CALL COMMAND
0079   00BB 16 80       				MVI D,080H; COMMAND TO FORCE CURSOR FROM 1st LINE
0080   00BD CD FC 02    				CALL COMMAND
0081   00C0 CD 33 00    				CALL DELAY
0082   00C3 CD 33 00    				CALL DELAY
0083   00C6             
0084   00C6             
0085   00C6 16 53       				MVI D,053H; SENDING DATA "S"
0086   00C8 CD 33 03    				CALL DATA
0087   00CB 16 65       				MVI D,065H; SENDING DATA "e"
0088   00CD CD 33 03    				CALL DATA
0089   00D0 16 6E       				MVI D,06EH; SENDING DATA "n"
0090   00D2 CD 33 03    				CALL DATA
0091   00D5 16 73       				MVI D,073H; SENDING DATA "s"
0092   00D7 CD 33 03    				CALL DATA
0093   00DA 16 69       				MVI D,069H; SENDING DATA "i"
0094   00DC CD 33 03    				CALL DATA
0095   00DF 16 6E       				MVI D,06EH; SENDING DATA "n"
0096   00E1 CD 33 03    				CALL DATA
0097   00E4 16 67       				MVI D,067H; SENDING DATA "g"
0098   00E6 CD 33 03    				CALL DATA
0099   00E9 16 C0       					MVI D,0C0H; COMMAND TO FORCE CURSOR FROM 2nd LINE
0100   00EB CD FC 02    				CALL COMMAND
0101   00EE             				
0102   00EE 16 48       				MVI D,048H; SENDING DATA "H"
0103   00F0 CD 33 03    					CALL DATA
0104   00F3 16 65       				MVI D,065H; SENDING DATA "e"
0105   00F5 CD 33 03    				CALL DATA
0106   00F8 16 61       				MVI D,061H; SENDING DATA "a"
0107   00FA CD 33 03    				CALL DATA
0108   00FD 16 72       				MVI D,072H; SENDING DATA "r"
0109   00FF CD 33 03    				CALL DATA
0110   0102 16 74       				MVI D,074H; SENDING DATA "t"
0111   0104 CD 33 03    				CALL DATA
0112   0107 16 20       				MVI D,020H; SENDING DATA "SPACE"
0113   0109 CD 33 03    				CALL DATA
0114   010C 16 52       				MVI D,052H; SENDING DATA "R"
0115   010E CD 33 03    				CALL DATA
0116   0111 16 61       				MVI D,061H; SENDING DATA "a"
0117   0113 CD 33 03    				CALL DATA
0118   0116 16 74       				MVI D,074H; SENDING DATA "t"
0119   0118 CD 33 03    				CALL DATA
0120   011B 16 65       				MVI D,065H; SENDING DATA "e"
0121   011D CD 33 03    				CALL DATA
0122   0120 CD 6E 03    				CALL DELAY1
0123   0123             				
0124   0123             				
0125   0123 C3 57 04    				JMP HEART
0126   0126             
0127   0126             
0128   0126             MAIN:	
0129   0126 F3          		DI
0130   0127 31 00 00    		LXI SP,0000H; INITIALIZING THE STACK POINTER
0131   012A F5          		PUSH PSW;SAVING ACCUMALATOR CONTENTS TO FFFFH
0132   012B             		
0133   012B 3E 92       		MVI A,092H; CONTROL WORD FOR 8255 - P A&B=IP P C=OP
0134   012D D3 03       		OUT 03H; CONTROL REGISTER ADDRESS =03H
0135   012F             		
0136   012F 3E C9       		MVI A,0C9H; CONTROL WORD FOR 1 O/P ON SOD & MASKING ALL INTERRUPTS OTHER THAN 6.5
0137   0131 30          		SIM
0138   0132 CD 46 01    		CALL LCD_INIT
0139   0135 CD 33 00    		CALL DELAY
0140   0138 CD 70 01    		CALL DATA1
0141   013B CD 6E 03    		CALL DELAY1
0142   013E CD E7 01    		CALL DATA2
0143   0141             		
0144   0141 F1          		POP PSW
0145   0142 C3 B6 00    		JMP HDISPLAY
0146   0145 76          		HLT
0147   0146             
0148   0146             
0149   0146 16 33       LCD_INIT: MVI D, 033H; SENDING INITIALISATION COMMAND
0150   0148 CD FC 02    			CALL COMMAND
0151   014B 16 32       			MVI D,032H; SENDING INITIALISATION COMMAND
0152   014D CD FC 02    			CALL COMMAND
0153   0150 16 28       			MVI D,028H; SENDING COMMAND TO INITIALIZE 4 BIT
0154   0152 CD FC 02    			CALL COMMAND
0155   0155 16 06       			MVI D,006H; SENDING COMMAND TO INITIALIZE CURSOR
0156   0157 CD FC 02    			CALL COMMAND
0157   015A 16 0F       			MVI D,00FH; SEND COMMAND TO DISPLAY ON CURSOR BLINK
0158   015C CD FC 02    			CALL COMMAND
0159   015F 16 01       			MVI D,001H; SENDING COMMAND TO CLEAR DISPLAY
0160   0161 CD FC 02    			CALL COMMAND
0161   0164 16 80       			MVI D,080H; COMMAND TO FORCE CURSOR FROM 1st LINE
0162   0166 CD FC 02    			CALL COMMAND
0163   0169 CD 33 00    			CALL DELAY
0164   016C CD 33 00    			CALL DELAY
0165   016F C9          			RET
0166   0170             
0167   0170 16 20       DATA1: MVI D,020H; SENDING DATA "SPACE"
0168   0172 CD 33 03    		CALL DATA
0169   0175 16 20       		MVI D,020H; SENDING DATA "SPACE"
0170   0177 CD 33 03    		CALL DATA
0171   017A 16 20       		MVI D,020H; SENDING DATA "SPACE"
0172   017C CD 33 03    		CALL DATA	
0173   017F 16 48       		MVI D,048H; SENDING DATA "H"
0174   0181 CD 33 03    		CALL DATA
0175   0184 16 65       		MVI D,065H; SENDING DATA "e"
0176   0186 CD 33 03    		CALL DATA
0177   0189 16 61       		MVI D,061H; SENDING DATA "a"
0178   018B CD 33 03    		CALL DATA
0179   018E 16 6C       		MVI D,06CH; SENDING DATA "l"
0180   0190 CD 33 03    		CALL DATA
0181   0193 16 74       		MVI D,074H; SENDING DATA "t"
0182   0195 CD 33 03    		CALL DATA
0183   0198 16 68       		MVI D,068H; SENDING DATA "h"
0184   019A CD 33 03    		CALL DATA
0185   019D 16 20       		MVI D,020H; SENDING DATA "SPACE"
0186   019F CD 33 03    		CALL DATA
0187   01A2 16 4B       		MVI D,04BH; SENDING DATA "K"
0188   01A4 CD 33 03    		CALL DATA
0189   01A7 16 69       		MVI D,069H; SENDING DATA "i"
0190   01A9 CD 33 03    		CALL DATA
0191   01AC 16 74       		MVI D,074H; SENDING DATA "t"
0192   01AE CD 33 03    		CALL DATA
0193   01B1 16 C0       		MVI D,0C0H; COMMAND TO FORCE CURSOR FROM 2nd LINE
0194   01B3 CD FC 02    		CALL COMMAND
0195   01B6 16 20       		MVI D,020H; SENDING DATA "SPACE"
0196   01B8 CD 33 03    		CALL DATA
0197   01BB 16 20       		MVI D,020H; SENDING DATA "SPACE"
0198   01BD CD 33 03    		CALL DATA
0199   01C0 16 20       		MVI D,020H; SENDING DATA "SPACE"
0200   01C2 CD 33 03    		CALL DATA
0201   01C5 16 20       		MVI D,020H; SENDING DATA "SPACE"
0202   01C7 CD 33 03    		CALL DATA
0203   01CA 16 20       		MVI D,020H; SENDING DATA "SPACE"
0204   01CC CD 33 03    		CALL DATA
0205   01CF 16 20       		MVI D,020H; SENDING DATA "SPACE"
0206   01D1 CD 33 03    		CALL DATA
0207   01D4 16 20       		MVI D,020H; SENDING DATA "SPACE"
0208   01D6 CD 33 03    		CALL DATA
0209   01D9 16 42       		MVI D,042H; SENDING DATA "B"
0210   01DB CD 33 03    		CALL DATA
0211   01DE 16 79       		MVI D,079H; SENDING DATA "y"
0212   01E0 CD 33 03    		CALL DATA
0213   01E3 CD 33 00    		CALL DELAY
0214   01E6 C9          		RET
0215   01E7 16 01       DATA2:	MVI D,001H; SENDING COMMAND TO CLEAR DISPLAY
0216   01E9 CD FC 02    			CALL COMMAND
0217   01EC 16 80       			MVI D,080H; COMMAND TO FORCE CURSOR FROM 1st LINE
0218   01EE CD FC 02    			CALL COMMAND
0219   01F1 CD 33 00    			CALL DELAY
0220   01F4 CD 33 00    			CALL DELAY
0221   01F7 16 41       			MVI D,041H; SENDING DATA "A"
0222   01F9 CD 33 03    			CALL DATA
0223   01FC 16 64       			MVI D,064H; SENDING DATA "d"
0224   01FE CD 33 03    			CALL DATA
0225   0201 16 68       			MVI D,068H; SENDING DATA "h"
0226   0203 CD 33 03    			CALL DATA
0227   0206 16 69       			MVI D,069H; SENDING DATA "i"
0228   0208 CD 33 03    			CALL DATA
0229   020B 16 72       			MVI D,072H; SENDING DATA "r"
0230   020D CD 33 03    			CALL DATA
0231   0210 16 61       			MVI D,061H; SENDING DATA "a"
0232   0212 CD 33 03    			CALL DATA
0233   0215 16 6A       			MVI D,06AH; SENDING DATA "j"
0234   0217 CD 33 03    			CALL DATA
0235   021A 16 20       			MVI D,020H; SENDING DATA "SPACE"
0236   021C CD 33 03    			CALL DATA
0237   021F 16 43       			MVI D,043H; SENDING DATA "C"
0238   0221 CD 33 03    			CALL DATA
0239   0224 16 68       			MVI D,068H; SENDING DATA "h"
0240   0226 CD 33 03    			CALL DATA
0241   0229 16 61       			MVI D,061H; SENDING DATA "a"
0242   022B CD 33 03    			CALL DATA
0243   022E 16 6E       			MVI D,06EH; SENDING DATA "n"
0244   0230 CD 33 03    			CALL DATA
0245   0233 16 64       			MVI D,064H; SENDING DATA "d"
0246   0235 CD 33 03    			CALL DATA
0247   0238 16 65       			MVI D,065H; SENDING DATA "e"
0248   023A CD 33 03    			CALL DATA
0249   023D 16 6C       			MVI D,06CH; SENDING DATA "l"
0250   023F CD 33 03    			CALL DATA
0251   0242 16 C0       			MVI D,0C0H; COMMAND TO FORCE CURSOR FROM 2nd LINE
0252   0244 CD FC 02    			CALL COMMAND
0253   0247 16 31       			MVI D,031H; SENDING DATA "1"
0254   0249 CD 33 03    			CALL DATA
0255   024C 16 32       			MVI D,032H; SENDING DATA "2"
0256   024E CD 33 03    			CALL DATA
0257   0251 16 45       			MVI D,045H; SENDING DATA "E"
0258   0253 CD 33 03    			CALL DATA
0259   0256 16 43       			MVI D,043H; SENDING DATA "C"
0260   0258 CD 33 03    			CALL DATA
0261   025B 16 31       			MVI D,031H; SENDING DATA "1"
0262   025D CD 33 03    			CALL DATA
0263   0260 16 34       			MVI D,034H; SENDING DATA "4"
0264   0262 CD 33 03    			CALL DATA
0265   0265 CD 6E 03    			CALL DELAY1
0266   0268 CD 6E 03    			CALL DELAY1
0267   026B CD 6E 03    			CALL DELAY1
0268   026E 16 01       			MVI D,001H; SENDING COMMAND TO CLEAR DISPLAY
0269   0270 CD FC 02    			CALL COMMAND
0270   0273 16 80       			MVI D,080H; COMMAND TO FORCE CURSOR FROM 1st LINE
0271   0275 CD FC 02    			CALL COMMAND
0272   0278 CD 33 00    			CALL DELAY
0273   027B CD 33 00    			CALL DELAY
0274   027E 16 41       			MVI D,041H; SENDING DATA "A"
0275   0280 CD 33 03    			CALL DATA
0276   0283 16 6A       			MVI D,06AH; SENDING DATA "j"
0277   0285 CD 33 03    			CALL DATA
0278   0288 16 61       			MVI D,061H; SENDING DATA "a"
0279   028A CD 33 03    			CALL DATA
0280   028D 16 79       			MVI D,079H; SENDING DATA "y"
0281   028F CD 33 03    			CALL DATA
0282   0292 16 20       			MVI D,020H; SENDING DATA "SPACE"
0283   0294 CD 33 03    			CALL DATA
0284   0297 16 43       			MVI D,043H; SENDING DATA "C"
0285   0299 CD 33 03    			CALL DATA
0286   029C 16 68       			MVI D,068H; SENDING DATA "h"
0287   029E CD 33 03    			CALL DATA
0288   02A1 16 6F       			MVI D,06FH; SENDING DATA "o"
0289   02A3 CD 33 03    			CALL DATA
0290   02A6 16 55       			MVI D,055H; SENDING DATA "w"
0291   02A8 CD 33 03    			CALL DATA
0292   02AB 16 64       			MVI D,064H; SENDING DATA "d"
0293   02AD CD 33 03    			CALL DATA
0294   02B0 16 68       			MVI D,068H; SENDING DATA "h"
0295   02B2 CD 33 03    			CALL DATA
0296   02B5 16 61       			MVI D,061H; SENDING DATA "a"
0297   02B7 CD 33 03    			CALL DATA
0298   02BA 16 72       			MVI D,072H; SENDING DATA "r"
0299   02BC CD 33 03    			CALL DATA
0300   02BF 16 79       			MVI D,079H; SENDING DATA "y"
0301   02C1 CD 33 03    			CALL DATA
0302   02C4 16 C0       			MVI D,0C0H; COMMAND TO FORCE CURSOR FROM 2nd LINE
0303   02C6 CD FC 02    			CALL COMMAND
0304   02C9 16 31       			MVI D,031H; SENDING DATA "1"
0305   02CB CD 33 03    			CALL DATA
0306   02CE 16 35       			MVI D,035H; SENDING DATA "5"
0307   02D0 CD 33 03    			CALL DATA
0308   02D3 16 45       			MVI D,045H; SENDING DATA "E"
0309   02D5 CD 33 03    			CALL DATA
0310   02D8 16 43       			MVI D,043H; SENDING DATA "C"
0311   02DA CD 33 03    			CALL DATA
0312   02DD 16 31       			MVI D,031H; SENDING DATA "1"
0313   02DF CD 33 03    			CALL DATA
0314   02E2 16 34       			MVI D,034H; SENDING DATA "4"
0315   02E4 CD 33 03    			CALL DATA	
0316   02E7 CD 6E 03    			CALL DELAY1
0317   02EA CD 6E 03    			CALL DELAY1
0318   02ED CD 6E 03    			CALL DELAY1
0319   02F0 16 01       			MVI D,001H; SENDING COMMAND TO CLEAR DISPLAY
0320   02F2 CD FC 02    			CALL COMMAND
0321   02F5 CD 33 00    			CALL DELAY
0322   02F8 CD 33 00    			CALL DELAY
0323   02FB C9          			RET
0324   02FC             
0325   02FC 7A          COMMAND: MOV A,D
0326   02FD E6 F0       		ANI 0F0H;MASKING UPPER 4 BITS AND RS=0 FOR COMMAND
0327   02FF D3 02       		OUT 02H; PORT C ADDRESS OF 8255
0328   0301 CD 33 00    		CALL DELAY
0329   0304 F6 02       		ORI 02H; ENABLE HIGH AND RS LOW
0330   0306 CD 33 00    		CALL DELAY
0331   0309 D3 02       		OUT 02H
0332   030B CD 33 00    		CALL DELAY
0333   030E E6 F0       		ANI 0F0H
0334   0310 D3 02       		OUT 02H
0335   0312 CD 33 00    		CALL DELAY
0336   0315 7A          		MOV A,D
0337   0316 07          		RLC; SHIFTING THE 4 BITS
0338   0317 07          		RLC
0339   0318 07          		RLC
0340   0319 07          		RLC
0341   031A E6 F0       		ANI 0F0H; MASKING LOWER 4 BITS
0342   031C D3 02       		OUT 02H
0343   031E CD 33 00    		CALL DELAY
0344   0321 F6 02       		ORI 02H; ENABLE HIGH
0345   0323 CD 33 00    		CALL DELAY
0346   0326 D3 02       		OUT 02H
0347   0328 CD 33 00    		CALL DELAY
0348   032B E6 F0       		ANI 0F0H
0349   032D D3 02       		OUT 02H
0350   032F CD 33 00    		CALL DELAY
0351   0332 C9          		RET
0352   0333             
0353   0333             
0354   0333 F5          DATA: PUSH PSW
0355   0334 D5          		PUSH D 	
0356   0335 7A          		MOV A,D
0357   0336 E6 F1       		ANI 0F1H; MAKING RS=1 FOR DATA REGISTER
0358   0338 D3 02       		OUT 02H; PORT C ADDRESS OF 8255
0359   033A CD 33 00    		CALL DELAY
0360   033D F6 03       		ORI 03H; ENABLE HIGH AND RS HIGH
0361   033F CD 33 00    		CALL DELAY
0362   0342 D3 02       		OUT 02H
0363   0344 CD 33 00    		CALL DELAY
0364   0347 E6 F1       		ANI 0F1H
0365   0349 D3 02       		OUT 02H
0366   034B CD 33 00    		CALL DELAY
0367   034E 7A          		MOV A,D
0368   034F 07          		RLC; SHIFTING THE 4 BITS
0369   0350 07          		RLC
0370   0351 07          		RLC
0371   0352 07          		RLC
0372   0353 E6 F1       		ANI 0F1H
0373   0355 D3 02       		OUT 02H
0374   0357 CD 33 00    		CALL DELAY
0375   035A F6 03       		ORI 03H; ENABLE HIGH
0376   035C CD 33 00    		CALL DELAY
0377   035F D3 02       		OUT 02H
0378   0361 CD 33 00    		CALL DELAY
0379   0364 E6 F1       		ANI 0F1H
0380   0366 D3 02       		OUT 02H
0381   0368 CD 33 00    		CALL DELAY
0382   036B D1          		POP D
0383   036C F1          		POP PSW
0384   036D C9          		RET
0385   036E             
0386   036E             
0387   036E 21 FF FF    DELAY1:	LXI H, 0FFFFH
0388   0371 2B          LOOP1:	DCX H
0389   0372 7D          		MOV A,L
0390   0373 B4          		ORA H
0391   0374 C2 71 03    		JNZ LOOP1 
0392   0377 C9          		RET
0393   0378             
0394   0378 F5          HEXTOBCD: PUSH PSW
0395   0379 D5          			PUSH D
0396   037A 4F          			MOV C,A              ; GET HEX DATA
0397   037B 16 00       	         MVI D,00H          ;Clear D for Most significant Byte 
0398   037D AF          	         XRA A             ;Clear Accumulator 
0399   037E C6 01       LOOP22:   ADI 01H              ;Count the number one by one 
0400   0380 27          	         DAA               ;Adjust for BCD count 
0401   0381 D2 85 03    	         JNC LOOP21 
0402   0384 14          	         INR D 
0403   0385 0D          LOOP21:   DCR C 
0404   0386 C2 7E 03    	         JNZ LOOP22 
0405   0389 32 01 A0    	         STA 0A001H          ;Store the Least Significant Byte 
0406   038C 7A          	         MOV A,D 
0407   038D 32 05 A0    	         STA 0A005H          ;Store the Most Significant Byte 
0408   0390 D1          	         POP D
0409   0391 F1          	         POP PSW
0410   0392 C9          	         RET
0411   0393 47          BCDTOASCII:   MOV B,A   ; Address already stored in HL
0412   0394 E6 0F       	        ANI 0FH           ;Mask Upper Nibble 
0413   0396 CD A6 03    	        CALL SUB1        ;Get ASCII code for upper nibble 
0414   0399 57          	        MOV D,A 
0415   039A 78          	        MOV A,B 
0416   039B E6 F0       	        ANI 0F0H           ;Mask Lower Nibble 
0417   039D 07          	        RLC 
0418   039E 07          	        RLC 
0419   039F 07          	        RLC 
0420   03A0 07          	        RLC 
0421   03A1 CD A6 03    	        CALL SUB1        ;Get ASCII code for lower nibble 
0422   03A4 4F          	        MOV C,A
0423   03A5 C9          	        RET              ;Return from subroutine
0424   03A6 FE 0A       SUB1:   CPI 0AH
0425   03A8 DA AD 03    	        JC SKIP 
0426   03AB C6 07       	        ADI 07H 
0427   03AD C6 30       SKIP:   ADI 30H
0428   03AF C9          	        RET              ;Return Subroutine
0429   03B0             DATA3: 
0430   03B0 CD 78 03    			CALL HEXTOBCD; LSB-A001H, MSB-A005H
0431   03B3 3A 01 A0    			LDA 0A001H; LOAD HL WITH ADDRESS OF LSB OF HEART RATE
0432   03B6 CD 93 03    			CALL BCDTOASCII ; LSB - C, MSB - D
0433   03B9 79          			MOV A,C
0434   03BA 32 02 A0    			STA 0A002H; STORING MSB 
0435   03BD 7A          			MOV A,D
0436   03BE 32 03 A0    			STA 0A003H ; STORING LSB
0437   03C1 3A 05 A0    			LDA 0A005H ; LOAD A WITH ADDRESS OF MSB OF HEART RATE
0438   03C4 CD 93 03    			CALL BCDTOASCII ; LSB - C, MSB - D
0439   03C7 79          			MOV A,C
0440   03C8 32 06 A0    			STA 0A006H ; STORING MSB - THIS WILL ALWAYS BE 0 
0441   03CB 7A          			MOV A,D
0442   03CC 32 07 A0    			STA 0A007H ; STORING LSB
0443   03CF             
0444   03CF 16 01       			MVI D,001H; SENDING COMMAND TO CLEAR DISPLAY
0445   03D1 CD FC 02    			CALL COMMAND
0446   03D4 16 80       			MVI D,080H; COMMAND TO FORCE CURSOR FROM 1st LINE
0447   03D6 CD FC 02    			CALL COMMAND
0448   03D9 CD 33 00    			CALL DELAY
0449   03DC CD 33 00    			CALL DELAY
0450   03DF             
0451   03DF 16 48       			MVI D,048H; SENDING DATA "H"
0452   03E1 CD 33 03    			CALL DATA
0453   03E4 16 65       			MVI D,065H; SENDING DATA "e"
0454   03E6 CD 33 03    			CALL DATA
0455   03E9 16 61       			MVI D,061H; SENDING DATA "a"
0456   03EB CD 33 03    			CALL DATA
0457   03EE 16 72       			MVI D,072H; SENDING DATA "r"
0458   03F0 CD 33 03    			CALL DATA
0459   03F3 16 74       			MVI D,074H; SENDING DATA "t"
0460   03F5 CD 33 03    			CALL DATA
0461   03F8 16 20       			MVI D,020H; SENDING DATA "SPACE"
0462   03FA CD 33 03    			CALL DATA
0463   03FD 16 52       			MVI D,052H; SENDING DATA "R"
0464   03FF CD 33 03    			CALL DATA
0465   0402 16 61       			MVI D,061H; SENDING DATA "a"
0466   0404 CD 33 03    			CALL DATA
0467   0407 16 74       			MVI D,074H; SENDING DATA "t"
0468   0409 CD 33 03    			CALL DATA
0469   040C 16 65       			MVI D,065H; SENDING DATA "e"
0470   040E CD 33 03    			CALL DATA
0471   0411 16 3E       			MVI D,03EH; SENDING DATA "colon"
0472   0413             
0473   0413 16 C0       			MVI D,0C0H; COMMAND TO FORCE CURSOR FROM 2nd LINE
0474   0415 CD FC 02    			CALL COMMAND
0475   0418             
0476   0418 3A 07 A0    			LDA 0A007H ; LSB OF MSB OF HEART RATE (MSB IS ALWAYS 0)
0477   041B 57          			MOV D,A
0478   041C CD 33 03    			CALL DATA
0479   041F 3A 02 A0    			LDA 0A002H ; MSB OF LSB OF HEART RATE
0480   0422 57          			MOV D,A
0481   0423 CD 33 03    			CALL DATA
0482   0426 3A 03 A0    			LDA 0A003H ; LSB OF LSB OF HEART RATE
0483   0429 57          			MOV D,A
0484   042A CD 33 03    			CALL DATA
0485   042D             
0486   042D 16 20       			MVI D,020H; SENDING DATA "SPACE"
0487   042F CD 33 03    			CALL DATA
0488   0432 16 42       			MVI D,042H; SENDING DATA "B"
0489   0434 CD 33 03    			CALL DATA
0490   0437 16 50       			MVI D,050H; SENDING DATA "P"
0491   0439 CD 33 03    			CALL DATA
0492   043C 16 4D       			MVI D,04DH; SENDING DATA "M"
0493   043E CD 33 03    			CALL DATA
0494   0441 C9          			RET
0495   0442             
0496   0442 F5          RST65: PUSH PSW
0497   0443 F3          			DI
0498   0444 3E 40       		   MVI A, 040H
0499   0446 30          		   SIM;  OUTPUTTING 0 ON SOD TO CLEAR D F/F
0500   0447 CD 33 00    		   CALL DELAY
0501   044A             
0502   044A 3A 00 A0    		   LDA 0A000H
0503   044D 3C          		   INR A
0504   044E 32 00 A0    		   STA 0A000H
0505   0451             		   
0506   0451 FB          		   EI
0507   0452 3E CD       		   MVI A,0CDH
0508   0454 30          		   SIM
0509   0455 F1          		   POP PSW
0510   0456             
0511   0456 C9          		   RET
0512   0457             
0513   0457 3E 00       HEART: 	    MVI A,00H
0514   0459 32 00 A0    			STA 0A000H
0515   045C 16 0F       			MVI D,00FH
0516   045E CD 33 00    			CALL DELAY
0517   0461 CD 39 05    			CALL DATA5
0518   0464 CD 6E 03    			CALL DELAY1
0519   0467 CD D3 04    			CALL DATA4
0520   046A FB          			EI
0521   046B 16 0F       			MVI D,00FH
0522   046D CD AB 04    			CALL DELAYNSEC
0523   0470 CD 33 00    			CALL DELAY
0524   0473 CD 33 00    			CALL DELAY
0525   0476 F3          			DI
0526   0477 3A 00 A0    			LDA 0A000H
0527   047A 07          			RLC
0528   047B 32 00 A0    			STA 0A000H
0529   047E CD B0 03    			CALL DATA3;
0530   0481 CD 8A 04    			CALL DELAYPSEC
0531   0484 CD 33 00    			CALL DELAY
0532   0487             			
0533   0487             			
0534   0487             
0535   0487 C3 57 04    			JMP HEART
0536   048A             
0537   048A C5          DELAYPSEC: PUSH B
0538   048B D5          				PUSH D  
0539   048C F5          				PUSH PSW
0540   048D 7A          				MOV A,D;   SUBROUTINE FOR DELAY OF 1sec
0541   048E 06 96       LOOP63: MVI B,096H
0542   0490 0E FA       LOOP64: MVI C,0FAH
0543   0492 65          LOOP65: MOV H,L
0544   0493 65          				MOV H,L
0545   0494 65          				MOV H,L
0546   0495 65          				MOV H,L
0547   0496 65          				MOV H,L
0548   0497 65          				MOV H,L
0549   0498 65          				MOV H,L
0550   0499 65          				MOV H,L
0551   049A 65          				MOV H,L
0552   049B 0D          				DCR C
0553   049C C2 92 04    				JNZ LOOP65
0554   049F 05          				DCR B
0555   04A0 C2 90 04    				JNZ LOOP64
0556   04A3 3D          				DCR A
0557   04A4 C2 8E 04    				JNZ LOOP63
0558   04A7 F1          				POP PSW
0559   04A8 D1          				POP D
0560   04A9 C1          				POP B
0561   04AA C9          				RET
0562   04AB             
0563   04AB             
0564   04AB C5          DELAYNSEC: PUSH B
0565   04AC D5          				PUSH D  
0566   04AD F5          				PUSH PSW
0567   04AE 7A          				MOV A,D  ;SUBROUTINE FOR DELAY OF 1sec
0568   04AF 06 96       LOOP3: MVI B, 096H
0569   04B1 0E FA       LOOP4: MVI C, 0FAH
0570   04B3 65          LOOP5: MOV H,L
0571   04B4 65          				MOV H,L
0572   04B5 65          				MOV H,L
0573   04B6 65          				MOV H,L
0574   04B7 65          				MOV H,L
0575   04B8 65          				MOV H,L
0576   04B9 65          				MOV H,L
0577   04BA 65          				MOV H,L
0578   04BB 65          				MOV H,L
0579   04BC 0D          				DCR C
0580   04BD C2 B3 04    				JNZ LOOP5
0581   04C0 05          				DCR B
0582   04C1 C2 B1 04    				JNZ LOOP4
0583   04C4 5F          				MOV E,A
0584   04C5 16 2A       				MVI D,02AH; SENDING DATA "*"
0585   04C7 CD 33 03    			    CALL DATA
0586   04CA 7B          			    MOV A,E
0587   04CB 3D          				DCR A
0588   04CC C2 AF 04    				JNZ LOOP3
0589   04CF F1          				POP PSW
0590   04D0 D1          				POP D
0591   04D1 C1          				POP B
0592   04D2 C9          				RET
0593   04D3             
0594   04D3             
0595   04D3             DATA4:			
0596   04D3 16 01       				MVI D,001H  ; SENDING COMMAND TO CLEAR DISPLAY
0597   04D5 CD FC 02    				CALL COMMAND
0598   04D8 16 80       				MVI D,080H; COMMAND TO FORCE CURSOR FROM 1st LINE
0599   04DA CD FC 02    				CALL COMMAND
0600   04DD CD 33 00    				CALL DELAY
0601   04E0 CD 33 00    				CALL DELAY
0602   04E3             
0603   04E3             
0604   04E3 16 52       				MVI D,052H; SENDING DATA "R"
0605   04E5 CD 33 03    				CALL DATA
0606   04E8 16 65       				MVI D,065H; SENDING DATA "e"
0607   04EA CD 33 03    				CALL DATA
0608   04ED 16 6D       				MVI D,06DH; SENDING DATA "m"
0609   04EF CD 33 03    				CALL DATA
0610   04F2 16 6F       				MVI D,06FH; SENDING DATA "o"
0611   04F4 CD 33 03    				CALL DATA
0612   04F7 16 76       				MVI D,076H; SENDING DATA "v"
0613   04F9 CD 33 03    				CALL DATA
0614   04FC 16 65       				MVI D,065H; SENDING DATA "e"
0615   04FE CD 33 03    				CALL DATA
0616   0501 16 20       				MVI D,020H; SENDING DATA " "
0617   0503 CD 33 03    				CALL DATA
0618   0506             				
0619   0506             
0620   0506 16 49       				MVI D,049H; SENDING DATA "I"
0621   0508 CD 33 03    				CALL DATA
0622   050B 16 6E       				MVI D,06EH; SENDING DATA "n"
0623   050D CD 33 03    				CALL DATA
0624   0510 16 20       				MVI D,020H; SENDING DATA " "
0625   0512 CD 33 03    				CALL DATA
0626   0515             
0627   0515 16 31       				MVI D,031H; SENDING DATA "1"
0628   0517 CD 33 03    				CALL DATA
0629   051A 16 35       				MVI D,035H; SENDING DATA "5"
0630   051C CD 33 03    				CALL DATA
0631   051F 16 20       				MVI D,020H; SENDING DATA " "
0632   0521 CD 33 03    				CALL DATA
0633   0524             
0634   0524 16 73       				MVI D,073H; SENDING DATA "s"
0635   0526 CD 33 03    				CALL DATA
0636   0529 16 65       				MVI D,065H; SENDING DATA "e"
0637   052B CD 33 03    				CALL DATA
0638   052E 16 63       				MVI D,063H; SENDING DATA "c"
0639   0530 CD 33 03    				CALL DATA
0640   0533             
0641   0533 16 C0       				MVI D,0C0H; COMMAND TO FORCE CURSOR FROM 2nd LINE
0642   0535 CD FC 02    				CALL COMMAND
0643   0538             				
0644   0538 C9          				RET
0645   0539             
0646   0539             DATA5:			
0647   0539 16 01       				MVI D,001H  ; SENDING COMMAND TO CLEAR DISPLAY
0648   053B CD FC 02    				CALL COMMAND
0649   053E 16 80       				MVI D,080H; COMMAND TO FORCE CURSOR FROM 1st LINE
0650   0540 CD FC 02    				CALL COMMAND
0651   0543 CD 33 00    				CALL DELAY
0652   0546 CD 33 00    				CALL DELAY
0653   0549             
0654   0549 16 50       				MVI D,050H; SENDING DATA "P"
0655   054B CD 33 03    				CALL DATA
0656   054E 16 6C       				MVI D,06CH; SENDING DATA "L"
0657   0550 CD 33 03    				CALL DATA
0658   0553 16 61       				MVI D,061H; SENDING DATA "A"
0659   0555 CD 33 03    				CALL DATA
0660   0558 16 63       				MVI D,063H; SENDING DATA "C"
0661   055A CD 33 03    				CALL DATA
0662   055D 16 65       				MVI D,065H; SENDING DATA "E"
0663   055F CD 33 03    				CALL DATA
0664   0562 16 20       				MVI D,020H; SENDING DATA " "
0665   0564 CD 33 03    				CALL DATA
0666   0567 16 66       				MVI D,066H; SENDING DATA "f"
0667   0569 CD 33 03    				CALL DATA
0668   056C 16 69       				MVI D,069H; SENDING DATA "i"
0669   056E CD 33 03    				CALL DATA
0670   0571 16 6E       				MVI D,06EH; SENDING DATA "n"
0671   0573 CD 33 03    				CALL DATA
0672   0576 16 67       				MVI D,067H; SENDING DATA "g"
0673   0578 CD 33 03    				CALL DATA
0674   057B 16 65       				MVI D,065H; SENDING DATA "e"
0675   057D CD 33 03    				CALL DATA
0676   0580 16 72       				MVI D,072H; SENDING DATA "r"
0677   0582 CD 33 03    				CALL DATA
0678   0585 16 2E       				MVI D,02EH; SENDING DATA "."
0679   0587 CD 33 03    				CALL DATA
0680   058A             	
0681   058A             
0682   058A C9          				RET
0683   058B             				
0684   058B             				
Number of errors = 0
