0001   0000             .ORG 0000H
0002   0000 C3 3E 00             JMP MAIN
0003   0003             .ORG 0034H
0004   0034 C3 2C 03    	 JMP RST65
0005   0037 06 FF       DELAY: 	MVI B,0FFH; SUBROUTINE FOR SHORT DELAY of 1"point"8ms
0006   0039 05          LOOP:	DCR B
0007   003A C2 39 00    		JNZ LOOP
0008   003D C9          		RET	
0009   003E F3          MAIN: DI
0010   003F 31 00 00    			LXI SP,0000H; INITIALIZING THE STACK POINTER
0011   0042 F5          			PUSH PSW;SAVING ACCUMALATOR CONTENTS TO FFFFH
0012   0043 3E 92       			MVI A,092H; CONTROL WORD FOR 8255 - P A&B=IP P C=OP
0013   0045 D3 03       			OUT 03H; CONTROL REGISTER ADDRESS =03H
0014   0047 3E C9       			MVI A,0C9H; CONTROL WORD FOR 1 O/P ON SOD & MASKING ALL INTERRUPTS OTHER THAN 6.5
0015   0049 30          			SIM
0016   004A CD 62 00    			CALL LCD_INIT
0017   004D CD 37 00    			CALL DELAY
0018   0050 CD 8C 00    			CALL DATA1
0019   0053 CD 37 00    			CALL DELAY
0020   0056 CD 37 00    			CALL DELAY
0021   0059 CD 08 01    			CALL DATA2
0022   005C FB          			EI
0023   005D C3 47 03    			JMP HEART
0024   0060 F1          			POP PSW
0025   0061 76          			HLT
0026   0062 16 33       LCD_INIT: MVI D, 033H; SENDING INITIALISATION COMMAND
0027   0064 CD D1 00    				CALL COMMAND
0028   0067 16 32       				MVI D,032H; SENDING INITIALISATION COMMAND
0029   0069 CD D1 00    				CALL COMMAND
0030   006C 16 28       				MVI D,028H; SENDING COMMAND TO INITIALIZE 4 BIT
0031   006E CD D1 00    				CALL COMMAND
0032   0071 16 06       				MVI D,006H; SENDING COMMAND TO INITIALIZE CURSOR
0033   0073 CD D1 00    				CALL COMMAND
0034   0076 16 0F       				MVI D,00FH; SEND COMMAND TO DISPLAY ON CURSOR BLINK
0035   0078 CD D1 00    				CALL COMMAND
0036   007B 16 01       				MVI D,001H; SENDING COMMAND TO CLEAR DISPLAY
0037   007D CD D1 00    				CALL COMMAND
0038   0080 16 80       				MVI D,080H; COMMAND TO FORCE CURSOR FROM 1st LINE
0039   0082 CD D1 00    				CALL COMMAND
0040   0085 CD 37 00    				CALL DELAY
0041   0088 CD 37 00    				CALL DELAY
0042   008B C9          				RET
0043   008C 16 48       DATA1:	MVI D,048H; SENDING DATA "H"
0044   008E CD 1D 02    			CALL DATA
0045   0091 16 65       			MVI D,065H; SENDING DATA "e"
0046   0093 CD 1D 02    			CALL DATA
0047   0096 16 61       			MVI D,061H; SENDING DATA "a"
0048   0098 CD 1D 02    			CALL DATA
0049   009B 16 6C       			MVI D,06CH; SENDING DATA "l"
0050   009D CD 1D 02    			CALL DATA
0051   00A0 16 74       			MVI D,074H; SENDING DATA "t"
0052   00A2 CD 1D 02    			CALL DATA
0053   00A5 16 68       			MVI D,068H; SENDING DATA "h"
0054   00A7 CD 1D 02    			CALL DATA
0055   00AA 16 20       			MVI D,020H; SENDING DATA "SPACE"
0056   00AC CD 1D 02    			CALL DATA
0057   00AF 16 4B       			MVI D,04BH; SENDING DATA "K"
0058   00B1 CD 1D 02    			CALL DATA
0059   00B4 16 69       			MVI D,069H; SENDING DATA "i"
0060   00B6 CD 1D 02    			CALL DATA
0061   00B9 16 74       			MVI D,074H; SENDING DATA "t"
0062   00BB CD 1D 02    			CALL DATA
0063   00BE 16 C0       			MVI D,0C0H; COMMAND TO FORCE CURSOR FROM 2nd LINE
0064   00C0 CD D1 00    			CALL COMMAND
0065   00C3 16 42       			MVI D,042H; SENDING DATA "B"
0066   00C5 CD 1D 02    			CALL DATA
0067   00C8 16 79       			MVI D,079H; SENDING DATA "y"
0068   00CA CD 1D 02    			CALL DATA
0069   00CD CD 37 00    			CALL DELAY
0070   00D0 C9          			RET
0071   00D1 7A          COMMAND: MOV A,D
0072   00D2 E6 F0       			ANI 0F0H;MASKING UPPER 4 BITS AND RS=0 FOR COMMAND
0073   00D4 D3 02       			OUT 02H; PORT C ADDRESS OF 8255
0074   00D6 CD 37 00    			CALL DELAY
0075   00D9 F6 02       			ORI 02H; ENABLE HIGH AND RS LOW
0076   00DB CD 37 00    			CALL DELAY
0077   00DE D3 02       			OUT 02H
0078   00E0 CD 37 00    			CALL DELAY
0079   00E3 E6 F0       			ANI 0F0H
0080   00E5 D3 02       			OUT 02H
0081   00E7 CD 37 00    			CALL DELAY
0082   00EA 7A          			MOV A,D
0083   00EB 07          			RLC; SHIFTING THE 4 BITS
0084   00EC 07          			RLC
0085   00ED 07          			RLC
0086   00EE 07          			RLC
0087   00EF E6 F0       			ANI 0F0H; MASKING LOWER 4 BITS
0088   00F1 D3 02       			OUT 02H
0089   00F3 CD 37 00    			CALL DELAY
0090   00F6 F6 02       			ORI 02H; ENABLE HIGH
0091   00F8 CD 37 00    			CALL DELAY
0092   00FB D3 02       			OUT 02H
0093   00FD CD 37 00    			CALL DELAY
0094   0100 E6 F0       			ANI 0F0H
0095   0102 D3 02       			OUT 02H
0096   0104 CD 37 00    			CALL DELAY
0097   0107 C9          			RET
0098   0108 16 01       DATA2:	MVI D,001H; SENDING COMMAND TO CLEAR DISPLAY
0099   010A CD D1 00    			CALL COMMAND
0100   010D 16 80       			MVI D,080H; COMMAND TO FORCE CURSOR FROM 1st LINE
0101   010F CD D1 00    			CALL COMMAND
0102   0112 CD 37 00    			CALL DELAY
0103   0115 CD 37 00    			CALL DELAY
0104   0118 16 41       			MVI D,041H; SENDING DATA "A"
0105   011A CD 1D 02    			CALL DATA
0106   011D 16 64       			MVI D,064H; SENDING DATA "d"
0107   011F CD 1D 02    			CALL DATA
0108   0122 16 68       			MVI D,068H; SENDING DATA "h"
0109   0124 CD 1D 02    			CALL DATA
0110   0127 16 69       			MVI D,069H; SENDING DATA "i"
0111   0129 CD 1D 02    			CALL DATA
0112   012C 16 72       			MVI D,072H; SENDING DATA "r"
0113   012E CD 1D 02    			CALL DATA
0114   0131 16 61       			MVI D,061H; SENDING DATA "a"
0115   0133 CD 1D 02    			CALL DATA
0116   0136 16 6A       			MVI D,06AH; SENDING DATA "j"
0117   0138 CD 1D 02    			CALL DATA
0118   013B 16 20       			MVI D,020H; SENDING DATA "SPACE"
0119   013D CD 1D 02    			CALL DATA
0120   0140 16 43       			MVI D,043H; SENDING DATA "C"
0121   0142 CD 1D 02    			CALL DATA
0122   0145 16 68       			MVI D,068H; SENDING DATA "h"
0123   0147 CD 1D 02    			CALL DATA
0124   014A 16 61       			MVI D,061H; SENDING DATA "a"
0125   014C CD 1D 02    			CALL DATA
0126   014F 16 6E       			MVI D,06EH; SENDING DATA "n"
0127   0151 CD 1D 02    			CALL DATA
0128   0154 16 64       			MVI D,064H; SENDING DATA "d"
0129   0156 CD 1D 02    			CALL DATA
0130   0159 16 65       			MVI D,065H; SENDING DATA "e"
0131   015B CD 1D 02    			CALL DATA
0132   015E 16 6C       			MVI D,06CH; SENDING DATA "l"
0133   0160 CD 1D 02    			CALL DATA
0134   0163 16 C0       			MVI D,0C0H; COMMAND TO FORCE CURSOR FROM 2nd LINE
0135   0165 CD D1 00    			CALL COMMAND
0136   0168 16 31       			MVI D,031H; SENDING DATA "1"
0137   016A CD 1D 02    			CALL DATA
0138   016D 16 32       			MVI D,032H; SENDING DATA "2"
0139   016F CD 1D 02    			CALL DATA
0140   0172 16 45       			MVI D,045H; SENDING DATA "E"
0141   0174 CD 1D 02    			CALL DATA
0142   0177 16 43       			MVI D,043H; SENDING DATA "C"
0143   0179 CD 1D 02    			CALL DATA
0144   017C 16 31       			MVI D,031H; SENDING DATA "1"
0145   017E CD 1D 02    			CALL DATA
0146   0181 16 34       			MVI D,034H; SENDING DATA "4"
0147   0183 CD 1D 02    			CALL DATA
0148   0186 CD 58 02    			CALL DELAY1
0149   0189 CD 58 02    			CALL DELAY1
0150   018C CD 58 02    			CALL DELAY1
0151   018F 16 01       			MVI D,001H; SENDING COMMAND TO CLEAR DISPLAY
0152   0191 CD D1 00    			CALL COMMAND
0153   0194 16 80       			MVI D,080H; COMMAND TO FORCE CURSOR FROM 1st LINE
0154   0196 CD D1 00    			CALL COMMAND
0155   0199 CD 37 00    			CALL DELAY
0156   019C CD 37 00    			CALL DELAY
0157   019F 16 41       			MVI D,041H; SENDING DATA "A"
0158   01A1 CD 1D 02    			CALL DATA
0159   01A4 16 6A       			MVI D,06AH; SENDING DATA "j"
0160   01A6 CD 1D 02    			CALL DATA
0161   01A9 16 61       			MVI D,061H; SENDING DATA "a"
0162   01AB CD 1D 02    			CALL DATA
0163   01AE 16 79       			MVI D,079H; SENDING DATA "y"
0164   01B0 CD 1D 02    			CALL DATA
0165   01B3 16 20       			MVI D,020H; SENDING DATA "SPACE"
0166   01B5 CD 1D 02    			CALL DATA
0167   01B8 16 43       			MVI D,043H; SENDING DATA "C"
0168   01BA CD 1D 02    			CALL DATA
0169   01BD 16 68       			MVI D,068H; SENDING DATA "h"
0170   01BF CD 1D 02    			CALL DATA
0171   01C2 16 6F       			MVI D,06FH; SENDING DATA "o"
0172   01C4 CD 1D 02    			CALL DATA
0173   01C7 16 75       			MVI D,075H; SENDING DATA "u"
0174   01C9 CD 1D 02    			CALL DATA
0175   01CC 16 64       			MVI D,064H; SENDING DATA "d"
0176   01CE CD 1D 02    			CALL DATA
0177   01D1 16 68       			MVI D,068H; SENDING DATA "h"
0178   01D3 CD 1D 02    			CALL DATA
0179   01D6 16 61       			MVI D,061H; SENDING DATA "a"
0180   01D8 CD 1D 02    			CALL DATA
0181   01DB 16 72       			MVI D,072H; SENDING DATA "r"
0182   01DD CD 1D 02    			CALL DATA
0183   01E0 16 79       			MVI D,079H; SENDING DATA "y"
0184   01E2 CD 1D 02    			CALL DATA
0185   01E5 16 C0       			MVI D,0C0H; COMMAND TO FORCE CURSOR FROM 2nd LINE
0186   01E7 CD D1 00    			CALL COMMAND
0187   01EA 16 31       			MVI D,031H; SENDING DATA "1"
0188   01EC CD 1D 02    			CALL DATA
0189   01EF 16 35       			MVI D,035H; SENDING DATA "5"
0190   01F1 CD 1D 02    			CALL DATA
0191   01F4 16 45       			MVI D,045H; SENDING DATA "E"
0192   01F6 CD 1D 02    			CALL DATA
0193   01F9 16 43       			MVI D,043H; SENDING DATA "C"
0194   01FB CD 1D 02    			CALL DATA
0195   01FE 16 31       			MVI D,031H; SENDING DATA "1"
0196   0200 CD 1D 02    			CALL DATA
0197   0203 16 34       			MVI D,034H; SENDING DATA "4"
0198   0205 CD 1D 02    			CALL DATA	
0199   0208 CD 58 02    			CALL DELAY1
0200   020B CD 58 02    			CALL DELAY1
0201   020E CD 58 02    			CALL DELAY1
0202   0211 16 01       			MVI D,001H; SENDING COMMAND TO CLEAR DISPLAY
0203   0213 CD D1 00    			CALL COMMAND
0204   0216 CD 37 00    			CALL DELAY
0205   0219 CD 37 00    			CALL DELAY
0206   021C C9          			RET
0207   021D F5          DATA: PUSH PSW
0208   021E D5          			PUSH D 	
0209   021F 7A          			MOV A,D
0210   0220 E6 F1       			ANI 0F1H; MAKING RS=1 FOR DATA REGISTER
0211   0222 D3 02       			OUT 02H; PORT C ADDRESS OF 8255
0212   0224 CD 37 00    			CALL DELAY
0213   0227 F6 03       			ORI 03H; ENABLE HIGH AND RS HIGH
0214   0229 CD 37 00    			CALL DELAY
0215   022C D3 02       			OUT 02H
0216   022E CD 37 00    			CALL DELAY
0217   0231 E6 F1       			ANI 0F1H
0218   0233 D3 02       			OUT 02H
0219   0235 CD 37 00    			CALL DELAY
0220   0238 7A          			MOV A,D
0221   0239 07          			RLC; SHIFTING THE 4 BITS
0222   023A 07          			RLC
0223   023B 07          			RLC
0224   023C 07          			RLC
0225   023D E6 F1       			ANI 0F1H
0226   023F D3 02       			OUT 02H
0227   0241 CD 37 00    			CALL DELAY
0228   0244 F6 03       			ORI 03H; ENABLE HIGH
0229   0246 CD 37 00    			CALL DELAY
0230   0249 D3 02       			OUT 02H
0231   024B CD 37 00    			CALL DELAY
0232   024E E6 F1       			ANI 0F1H
0233   0250 D3 02       			OUT 02H
0234   0252 CD 37 00    			CALL DELAY
0235   0255 D1          			POP D
0236   0256 F1          			POP PSW
0237   0257 C9          			RET
0238   0258 21 FF FF    DELAY1:	LXI H, 0FFFFH
0239   025B 2B          LOOP1:	DCX H
0240   025C 7D          			MOV A,L
0241   025D B4          			ORA H
0242   025E C2 5B 02    			JNZ LOOP1 
0243   0261 C9          			RET
0244   0262 F5          HEXTOBCD: PUSH PSW
0245   0263 D5          				PUSH D
0246   0264 4F          				MOV C,A              ; GET HEX DATA
0247   0265 16 00       				MVI D,00H          ;Clear D for Most significant Byte 
0248   0267 AF          				XRA A             ;Clear Accumulator 
0249   0268 C6 01       LOOP22:   ADI 01              ;Count the number one by one 
0250   026A 27          	         DAA               ;Adjust for BCD count 
0251   026B D2 6F 02    	         JNC LOOP21 
0252   026E 14          	         INR D 
0253   026F 0D          LOOP21:  DCR C 
0254   0270 C2 68 02    	         JNZ LOOP22 
0255   0273 32 01 A0    	         STA 0A001H          ;Store the Least Significant Byte 
0256   0276 7A          	         MOV A,D 
0257   0277 32 05 A0    	         STA 0A005H          ;Store the Most Significant Byte 
0258   027A D1          	         POP D
0259   027B F1          	         POP PSW
0260   027C C9          	         RET
0261   027D 47          BCDTOASCII:   MOV B,A   ; Address already stored in HL
0262   027E E6 0F       				ANI 0FH           ;Mask Upper Nibble 
0263   0280 CD 90 02    				CALL SUB1        ;Get ASCII code for upper nibble 
0264   0283 57          				MOV D,A 
0265   0284 78          				MOV A,B 
0266   0285 E6 F0       				ANI 0F0H           ;Mask Lower Nibble 
0267   0287 07          				RLC 
0268   0288 07          				RLC 
0269   0289 07          				RLC 
0270   028A 07          				RLC 
0271   028B CD 90 02    				CALL SUB1        ;Get ASCII code for lower nibble 
0272   028E 4F          				MOV C,A
0273   028F C9          				RET              ;Return from subroutine
0274   0290 FE 0A       SUB1:   CPI 0AH
0275   0292 DA 97 02    	        JC SKIP 
0276   0295 C6 07       	        ADI 07 
0277   0297 C6 30       SKIP:   ADI 30H
0278   0299 C9          	        RET              ;Return Subroutine
0279   029A             DATA3: 
0280   029A CD 62 02    			CALL HEXTOBCD; LSB-A001H, MSB-A005H
0281   029D 3A 01 A0    			LDA 0A001H; LOAD HL WITH ADDRESS OF LSB OF HEART RATE
0282   02A0 CD 7D 02    			CALL BCDTOASCII ; LSB - C, MSB - D
0283   02A3 79          			MOV A,C
0284   02A4 32 02 A0    			STA 0A002H; STORING MSB 
0285   02A7 7A          			MOV A,D
0286   02A8 32 03 A0    			STA 0A003H ; STORING LSB
0287   02AB 3A 05 A0    			LDA 0A005H ; LOAD A WITH ADDRESS OF MSB OF HEART RATE
0288   02AE CD 7D 02    			CALL BCDTOASCII ; LSB - C, MSB - D
0289   02B1 79          			MOV A,C
0290   02B2 32 06 A0    			STA 0A006H ; STORING MSB - THIS WILL ALWAYS BE 0 
0291   02B5 7A          			MOV A,D
0292   02B6 32 07 A0    			STA 0A007H ; STORING LSB
0293   02B9 16 01       			MVI D,001H; SENDING COMMAND TO CLEAR DISPLAY
0294   02BB CD D1 00    			CALL COMMAND
0295   02BE 16 80       			MVI D,080H; COMMAND TO FORCE CURSOR FROM 1st LINE
0296   02C0 CD D1 00    			CALL COMMAND
0297   02C3 CD 37 00    			CALL DELAY
0298   02C6 CD 37 00    			CALL DELAY
0299   02C9 16 48       			MVI D,048H; SENDING DATA "H"
0300   02CB CD 1D 02    			CALL DATA
0301   02CE 16 65       			MVI D,065H; SENDING DATA "e"
0302   02D0 CD 1D 02    			CALL DATA
0303   02D3 16 61       			MVI D,061H; SENDING DATA "a"
0304   02D5 CD 1D 02    			CALL DATA
0305   02D8 16 72       			MVI D,072H; SENDING DATA "r"
0306   02DA CD 1D 02    			CALL DATA
0307   02DD 16 74       			MVI D,074H; SENDING DATA "t"
0308   02DF CD 1D 02    			CALL DATA
0309   02E2 16 20       			MVI D,020H; SENDING DATA "SPACE"
0310   02E4 CD 1D 02    			CALL DATA
0311   02E7 16 52       			MVI D,052H; SENDING DATA "R"
0312   02E9 CD 1D 02    			CALL DATA
0313   02EC 16 61       			MVI D,061H; SENDING DATA "a"
0314   02EE CD 1D 02    			CALL DATA
0315   02F1 16 74       			MVI D,074H; SENDING DATA "t"
0316   02F3 CD 1D 02    			CALL DATA
0317   02F6 16 65       			MVI D,065H; SENDING DATA "e"
0318   02F8 CD 1D 02    			CALL DATA
0319   02FB 16 3E       			MVI D,03EH; SENDING DATA "colon"
0320   02FD 16 C0       			MVI D,0C0H; COMMAND TO FORCE CURSOR FROM 2nd LINE
0321   02FF CD D1 00    			CALL COMMAND
0322   0302 3A 07 A0    			LDA 0A007H ; LSB OF MSB OF HEART RATE (MSB IS ALWAYS 0)
0323   0305 57          			MOV D,A
0324   0306 CD 1D 02    			CALL DATA
0325   0309 3A 02 A0    			LDA 0A002H ; MSB OF LSB OF HEART RATE
0326   030C 57          			MOV D,A
0327   030D CD 1D 02    			CALL DATA
0328   0310 3A 03 A0    			LDA 0A003H ; LSB OF LSB OF HEART RATE
0329   0313 57          			MOV D,A
0330   0314 CD 1D 02    			CALL DATA
0331   0317 16 20       			MVI D,020H; SENDING DATA "SPACE"
0332   0319 CD 1D 02    			CALL DATA
0333   031C 16 42       			MVI D,042H; SENDING DATA "B"
0334   031E CD 1D 02    			CALL DATA
0335   0321 16 50       			MVI D,050H; SENDING DATA "P"
0336   0323 CD 1D 02    			CALL DATA
0337   0326 16 4D       			MVI D,04DH; SENDING DATA "M"
0338   0328 CD 1D 02    			CALL DATA
0339   032B C9          			RET
0340   032C F5          RST65: PUSH PSW
0341   032D F3          			DI
0342   032E 3E 40       		   MVI A, 040H
0343   0330 30          		   SIM;  OUTPUTTING 0 ON SOD TO CLEAR D F/F
0344   0331 CD 58 02    		   CALL DELAY1
0345   0334 CD 58 02    		   CALL DELAY1
0346   0337 CD 58 02    		   CALL DELAY1
0347   033A 3A 00 A0    		   LDA 0A000H
0348   033D 3C          		   INR A
0349   033E 32 00 A0    		   STA 0A000H	   
0350   0341 FB          		   EI
0351   0342 3E CD       		   MVI A,0CDH
0352   0344 30          		   SIM
0353   0345 F1          		   POP PSW
0354   0346 C9          		   RET
0355   0347 3E 00       HEART: 	MVI A,000H
0356   0349 32 00 A0    			STA 0A000H
0357   034C             			;MVI D,00FH
0358   034C             			;CALL DELAYPSEC
0359   034C CD B5 03    			CALL DATA4
0360   034F 16 0F       			MVI D,00FH
0361   0351 CD 8D 03    			CALL DELAYNSEC
0362   0354 CD 37 00    			CALL DELAY
0363   0357 F3          			DI
0364   0358 3A 00 A0    			LDA 0A000H
0365   035B 07          			RLC
0366   035C 07          			RLC
0367   035D 32 00 A0    			STA 0A000H
0368   0360 CD 9A 02    			CALL DATA3
0369   0363 16 02       			MVI D,002H;
0370   0365 CD 6C 03    			CALL DELAYPSEC
0371   0368 FB          			EI
0372   0369 C3 47 03    			JMP HEART
0373   036C C5          DELAYPSEC: PUSH B
0374   036D D5          				PUSH D  
0375   036E F5          				PUSH PSW
0376   036F 7A          				MOV A,D;   SUBROUTINE FOR DELAY OF 1sec
0377   0370 06 96       LOOP63: MVI B,096H
0378   0372 0E FA       LOOP64: MVI C,0FAH
0379   0374 65          LOOP65: MOV H,L
0380   0375 65          				MOV H,L
0381   0376 65          				MOV H,L
0382   0377 65          				MOV H,L
0383   0378 65          				MOV H,L
0384   0379 65          				MOV H,L
0385   037A 65          				MOV H,L
0386   037B 65          				MOV H,L
0387   037C 65          				MOV H,L
0388   037D 0D          				DCR C
0389   037E C2 74 03    				JNZ LOOP65
0390   0381 05          				DCR B
0391   0382 C2 72 03    				JNZ LOOP64
0392   0385 3D          				DCR A
0393   0386 C2 70 03    				JNZ LOOP63
0394   0389 F1          				POP PSW
0395   038A D1          				POP D
0396   038B C1          				POP B
0397   038C C9          				RET
0398   038D C5          DELAYNSEC: PUSH B
0399   038E D5          				PUSH D  
0400   038F F5          				PUSH PSW
0401   0390 7A          				MOV A,D  ;SUBROUTINE FOR DELAY OF 1sec
0402   0391 06 96       LOOP3: MVI B, 096H
0403   0393 0E FA       LOOP4: MVI C, 0FAH
0404   0395 65          LOOP5: MOV H,L
0405   0396 65          				MOV H,L
0406   0397 65          				MOV H,L
0407   0398 65          				MOV H,L
0408   0399 65          				MOV H,L
0409   039A 65          				MOV H,L
0410   039B 65          				MOV H,L
0411   039C 65          				MOV H,L
0412   039D 65          				MOV H,L
0413   039E 0D          				DCR C
0414   039F C2 95 03    				JNZ LOOP5
0415   03A2 05          				DCR B
0416   03A3 C2 93 03    				JNZ LOOP4
0417   03A6 5F          				MOV E,A
0418   03A7 16 2A       				MVI D,02AH; SENDING DATA "*"
0419   03A9 CD 1D 02    			    CALL DATA
0420   03AC 7B          			    MOV A,E
0421   03AD 3D          				DCR A
0422   03AE C2 91 03    				JNZ LOOP3
0423   03B1 F1          				POP PSW
0424   03B2 D1          				POP D
0425   03B3 C1          				POP B
0426   03B4 C9          				RET
0427   03B5 16 01       DATA4:		MVI D,001H  ; SENDING COMMAND TO CLEAR DISPLAY
0428   03B7 CD D1 00    				CALL COMMAND
0429   03BA 16 80       				MVI D,080H; COMMAND TO FORCE CURSOR FROM 1st LINE
0430   03BC CD D1 00    				CALL COMMAND
0431   03BF CD 37 00    				CALL DELAY
0432   03C2 CD 37 00    				CALL DELAY
0433   03C5 16 43       				MVI D,043H; SENDING DATA "C"
0434   03C7 CD 1D 02    				CALL DATA
0435   03CA 16 61       				MVI D,061H; SENDING DATA "a"
0436   03CC CD 1D 02    				CALL DATA
0437   03CF 16 6C       				MVI D,06CH; SENDING DATA "l"
0438   03D1 CD 1D 02    				CALL DATA
0439   03D4 16 63       				MVI D,063H; SENDING DATA "c"
0440   03D6 CD 1D 02    				CALL DATA
0441   03D9 16 75       				MVI D,075H; SENDING DATA "u"
0442   03DB CD 1D 02    				CALL DATA
0443   03DE 16 6C       				MVI D,06CH; SENDING DATA "l"
0444   03E0 CD 1D 02    				CALL DATA
0445   03E3 16 61       				MVI D,061H; SENDING DATA "a"
0446   03E5 CD 1D 02    				CALL DATA
0447   03E8 16 74       				MVI D,074H; SENDING DATA "t"
0448   03EA CD 1D 02    				CALL DATA
0449   03ED 16 69       				MVI D,069H; SENDING DATA "i"
0450   03EF CD 1D 02    				CALL DATA
0451   03F2 16 6E       				MVI D,06EH; SENDING DATA "n"
0452   03F4 CD 1D 02    				CALL DATA
0453   03F7 16 67       				MVI D,067H; SENDING DATA "g"
0454   03F9 CD 1D 02    				CALL DATA
0455   03FC 16 C0       				MVI D,0C0H; COMMAND TO FORCE CURSOR FROM 2nd LINE
0456   03FE CD D1 00    				CALL COMMAND
0457   0401 C9          				RET
0458   0402             				
Number of errors = 0
